1.Task of doing extracting information stradivarius website used in parser code.
2.Different properties to check the data in the sublime.
3.Developing the feasibility study of the stradivarius website.
4.Onam celebration

url=http://www.Northernsafety.com

fields : 
Company Name
Manufacturer Name
Brand Name
Manufacturer Part Number
Vendor/Seller Part Number
Item Name
Full Product Description
Price
Country of Origin
Unit of Issue
QTY Per UOI
UPC
Model Number
Product Category
URL
Availability
Date Crawled