1.Learning about nohup used to run the python code.
2.Task of doing extracting information carrefour website used in crawler code.
3.Learning about nohup used to run the python code.
4.Learning the steps to follow for data preparation.
5.Deveoping package to performing the common data cleaning process.
6.Developing the feasibility study of the auchan website.
7.Devops meeting

base_url=https://www.auchan.fr/

fields=
Country
Retail Chain
Brand
Product Name
Pack Size
Price per Pack
Price per Kg or L
Promotion (Yes/No)
Promotion Description
Product Description
Ingredients
Legal Name
Category Path
Product Image URL
Product Code (EAN/GTIN)
Unit Count or Quantity
Private Label (Yes/No)
Promotion Start Date
Promotion End Date
Promotion Type
Store or Region
Allergen & Dietary Claims
Nutritional Values
Manufacturer or Distributor
Additional Claims or Labels